2021-12-08 00:05:27,750 INFO org.springframework.orm.jpa.AbstractEntityManagerFactoryBean [Thread-15] Closing JPA EntityManagerFactory for persistence unit 'default'
2021-12-08 00:05:27,918 INFO com.zaxxer.hikari.HikariDataSource [Thread-15] HikariPool-4 - Shutdown initiated...
2021-12-08 00:05:27,997 INFO com.zaxxer.hikari.HikariDataSource [Thread-15] HikariPool-4 - Shutdown completed.
2021-12-08 00:05:29,674 INFO org.springframework.boot.StartupInfoLogger [restartedMain] Starting BookCrudBootRestHibernateApplication using Java 14.0.2 on DESKTOP-QN882RI with PID 27872 (D:\Poongs\eclipse-workspace\my-spring-core-demo\book-crud-boot-rest-hibernate.zip_expanded\book-crud-boot-rest-hibernate\target\classes started by Poongs in D:\Poongs\eclipse-workspace\my-spring-core-demo\book-crud-boot-rest-hibernate.zip_expanded\book-crud-boot-rest-hibernate)
2021-12-08 00:05:29,675 DEBUG org.springframework.boot.StartupInfoLogger [restartedMain] Running with Spring Boot v2.6.1, Spring v5.3.13
2021-12-08 00:05:29,675 INFO org.springframework.boot.SpringApplication [restartedMain] No active profile set, falling back to default profiles: default
2021-12-08 00:05:30,785 INFO org.springframework.data.repository.config.RepositoryConfigurationDelegate [restartedMain] Bootstrapping Spring Data JPA repositories in DEFAULT mode.
2021-12-08 00:05:30,816 INFO org.springframework.data.repository.config.RepositoryConfigurationDelegate [restartedMain] Finished Spring Data repository scanning in 27 ms. Found 1 JPA repository interfaces.
2021-12-08 00:05:31,231 INFO org.springframework.boot.web.embedded.tomcat.TomcatWebServer [restartedMain] Tomcat initialized with port(s): 7777 (http)
2021-12-08 00:05:31,233 INFO org.apache.juli.logging.DirectJDKLog [restartedMain] Initializing ProtocolHandler ["http-nio-7777"]
2021-12-08 00:05:31,234 INFO org.apache.juli.logging.DirectJDKLog [restartedMain] Starting service [Tomcat]
2021-12-08 00:05:31,236 INFO org.apache.juli.logging.DirectJDKLog [restartedMain] Starting Servlet engine: [Apache Tomcat/9.0.55]
2021-12-08 00:05:31,344 INFO org.apache.juli.logging.DirectJDKLog [restartedMain] Initializing Spring embedded WebApplicationContext
2021-12-08 00:05:31,346 INFO org.springframework.boot.web.servlet.context.ServletWebServerApplicationContext [restartedMain] Root WebApplicationContext: initialization completed in 1660 ms
2021-12-08 00:05:31,762 INFO org.hibernate.jpa.internal.util.LogHelper [restartedMain] HHH000204: Processing PersistenceUnitInfo [name: default]
2021-12-08 00:05:31,779 INFO com.zaxxer.hikari.HikariDataSource [restartedMain] HikariPool-5 - Starting...
2021-12-08 00:05:31,901 INFO com.zaxxer.hikari.HikariDataSource [restartedMain] HikariPool-5 - Start completed.
2021-12-08 00:05:31,904 INFO org.hibernate.dialect.Dialect [restartedMain] HHH000400: Using dialect: org.hibernate.dialect.PostgreSQL9Dialect
2021-12-08 00:05:32,089 INFO org.hibernate.engine.transaction.jta.platform.internal.JtaPlatformInitiator [restartedMain] HHH000490: Using JtaPlatform implementation: [org.hibernate.engine.transaction.jta.platform.internal.NoJtaPlatform]
2021-12-08 00:05:32,090 INFO org.springframework.orm.jpa.AbstractEntityManagerFactoryBean [restartedMain] Initialized JPA EntityManagerFactory for persistence unit 'default'
2021-12-08 00:05:32,765 WARN org.springframework.boot.autoconfigure.orm.jpa.JpaBaseConfiguration$JpaWebConfiguration [restartedMain] spring.jpa.open-in-view is enabled by default. Therefore, database queries may be performed during view rendering. Explicitly configure spring.jpa.open-in-view to disable this warning
2021-12-08 00:05:33,725 INFO org.springframework.boot.devtools.autoconfigure.OptionalLiveReloadServer [restartedMain] LiveReload server is running on port 35729
2021-12-08 00:05:33,741 INFO org.springframework.boot.actuate.endpoint.web.EndpointLinksResolver [restartedMain] Exposing 1 endpoint(s) beneath base path '/actuator'
2021-12-08 00:05:33,790 INFO org.apache.juli.logging.DirectJDKLog [restartedMain] Starting ProtocolHandler ["http-nio-7777"]
2021-12-08 00:05:33,816 INFO org.springframework.boot.web.embedded.tomcat.TomcatWebServer [restartedMain] Tomcat started on port(s): 7777 (http) with context path ''
2021-12-08 00:05:33,833 INFO org.springframework.boot.StartupInfoLogger [restartedMain] Started BookCrudBootRestHibernateApplication in 4.657 seconds (JVM running for 40238.292)
2021-12-08 00:05:33,840 INFO org.springframework.boot.devtools.autoconfigure.ConditionEvaluationDeltaLoggingListener [restartedMain] Condition evaluation unchanged
2021-12-08 00:07:51,628 INFO org.springframework.orm.jpa.AbstractEntityManagerFactoryBean [Thread-19] Closing JPA EntityManagerFactory for persistence unit 'default'
2021-12-08 00:07:51,629 INFO com.zaxxer.hikari.HikariDataSource [Thread-19] HikariPool-5 - Shutdown initiated...
2021-12-08 00:07:51,634 INFO com.zaxxer.hikari.HikariDataSource [Thread-19] HikariPool-5 - Shutdown completed.
